[0307/081712.392:ERROR:database.cc(1632)] Cookie sqlite error 5, errno 33: database is locked, sql: DELETE FROM cookies WHERE is_persistent != 1
[0307/081712.402:WARNING:sqlite_persistent_cookie_store.cc(1343)] Unable to delete session cookies.
[0307/081716.036:ERROR:backend_impl.cc(1041)] Critical error found -8
[0307/081716.036:WARNING:storage_block-inl.h(146)] Failed data load.
[0307/081716.036:WARNING:storage_block-inl.h(146)] Failed data load.
[0307/081716.036:ERROR:entry_impl.cc(1076)] No file for c1030002
[0307/081716.036:WARNING:storage_block-inl.h(146)] Failed data load.
[0307/081716.036:WARNING:storage_block-inl.h(146)] Failed data load.
[0307/081716.036:WARNING:storage_block-inl.h(146)] Failed data load.
[0307/081716.036:WARNING:storage_block-inl.h(146)] Failed data load.
[0307/081716.037:ERROR:entry_impl.cc(1076)] No file for c1030004
[0307/081716.044:WARNING:storage_block-inl.h(146)] Failed data load.
[0307/081716.044:WARNING:storage_block-inl.h(146)] Failed data load.
[0307/081716.063:WARNING:storage_block-inl.h(146)] Failed data load.
[0307/081716.063:ERROR:backend_impl.cc(1041)] Critical error found -8
[0307/081716.063:WARNING:storage_block-inl.h(146)] Failed data load.
[0307/081716.063:WARNING:storage_block-inl.h(146)] Failed data load.
[0307/081716.064:WARNING:storage_block-inl.h(146)] Failed data load.
[0307/081716.064:WARNING:storage_block-inl.h(146)] Failed data load.
[0307/081716.064:WARNING:storage_block-inl.h(146)] Failed data load.
[0307/081716.064:WARNING:storage_block-inl.h(146)] Failed data load.
[0307/081716.064:WARNING:storage_block-inl.h(146)] Failed data load.
[0307/081716.104:WARNING:storage_block-inl.h(146)] Failed data load.
[0307/081716.130:ERROR:cache_util_win.cc(21)] Unable to move the cache: Access is denied. (0x5)
[0307/081716.131:ERROR:cache_util.cc(139)] Unable to move cache folder C:/Users/150075030/Documents/Unreal Projects/movement2/Saved/webcache_4147\Cache to C:/Users/150075030/Documents/Unreal Projects/movement2/Saved/webcache_4147\old_Cache_000
[0307/081716.166:WARNING:storage_block-inl.h(146)] Failed data load.
[0307/081716.166:WARNING:storage_block-inl.h(146)] Failed data load.
[0307/081716.166:WARNING:storage_block-inl.h(146)] Failed data load.
[0307/081716.166:WARNING:storage_block-inl.h(146)] Failed data load.
[0307/081716.166:ERROR:entry_impl.cc(1076)] No file for a3010008
[0307/081716.168:WARNING:storage_block-inl.h(146)] Failed data load.
[0307/081727.500:WARNING:value_store_frontend.cc(44)] Reading mhjfbmdgcfjbbpaeojofohoefgiehjai.alarms from  failed: IO error: .../LOCK: File currently in use. (ChromeMethodBFE: 15::LockFile::2)
[0314/075016.201:ERROR:backend_impl.cc(1414)] Unable to map Index file
[0314/075016.303:ERROR:cache_util_win.cc(21)] Unable to move the cache: Access is denied. (0x5)
[0314/075016.304:ERROR:cache_util.cc(139)] Unable to move cache folder C:/Users/150075030/Documents/Unreal Projects/movement2/Saved/webcache_4147\Cache to C:/Users/150075030/Documents/Unreal Projects/movement2/Saved/webcache_4147\old_Cache_000
[0314/075016.304:ERROR:disk_cache.cc(184)] Unable to create cache
[0314/075042.030:WARNING:value_store_frontend.cc(44)] Reading mhjfbmdgcfjbbpaeojofohoefgiehjai.alarms from  failed: IO error: .../LOCK: File currently in use. (ChromeMethodBFE: 15::LockFile::2)
[0314/085238.693:WARNING:dns_config_service_win.cc(700)] Failed to read DnsConfig.
[0314/085238.694:WARNING:dns_config_service_win.cc(700)] Failed to read DnsConfig.
[0314/085238.699:WARNING:dns_config_service_win.cc(700)] Failed to read DnsConfig.
[0314/085238.699:WARNING:dns_config_service_win.cc(700)] Failed to read DnsConfig.
[0314/085241.731:WARNING:dns_config_service_win.cc(700)] Failed to read DnsConfig.
[0314/085241.731:WARNING:dns_config_service_win.cc(700)] Failed to read DnsConfig.
[0314/085241.732:WARNING:dns_config_service_win.cc(700)] Failed to read DnsConfig.
[0314/085241.732:WARNING:dns_config_service_win.cc(700)] Failed to read DnsConfig.
[0314/085243.698:WARNING:dns_config_service_win.cc(700)] Failed to read DnsConfig.
[0314/085243.704:WARNING:dns_config_service_win.cc(700)] Failed to read DnsConfig.
[0314/085243.710:WARNING:dns_config_service_win.cc(700)] Failed to read DnsConfig.
[0314/085243.710:WARNING:dns_config_service_win.cc(700)] Failed to read DnsConfig.
[0314/085246.734:WARNING:dns_config_service_win.cc(700)] Failed to read DnsConfig.
[0314/085246.735:WARNING:dns_config_service_win.cc(700)] Failed to read DnsConfig.
[0314/085246.739:WARNING:dns_config_service_win.cc(700)] Failed to read DnsConfig.
[0314/085246.739:WARNING:dns_config_service_win.cc(700)] Failed to read DnsConfig.
[0314/085248.702:WARNING:dns_config_service_win.cc(700)] Failed to read DnsConfig.
[0314/085248.707:WARNING:dns_config_service_win.cc(700)] Failed to read DnsConfig.
[0314/085248.729:WARNING:dns_config_service_win.cc(700)] Failed to read DnsConfig.
[0314/085248.729:WARNING:dns_config_service_win.cc(700)] Failed to read DnsConfig.
[0314/085251.739:WARNING:dns_config_service_win.cc(700)] Failed to read DnsConfig.
[0314/085251.741:WARNING:dns_config_service_win.cc(700)] Failed to read DnsConfig.
[0314/085251.752:WARNING:dns_config_service_win.cc(700)] Failed to read DnsConfig.
[0314/085251.752:WARNING:dns_config_service_win.cc(700)] Failed to read DnsConfig.
[0314/085253.705:WARNING:dns_config_service_win.cc(700)] Failed to read DnsConfig.
[0314/085253.710:WARNING:dns_config_service_win.cc(700)] Failed to read DnsConfig.
[0314/085253.747:WARNING:dns_config_service_win.cc(700)] Failed to read DnsConfig.
[0314/085253.747:WARNING:dns_config_service_win.cc(700)] Failed to read DnsConfig.
[0314/085256.743:WARNING:dns_config_service_win.cc(700)] Failed to read DnsConfig.
[0314/085256.744:WARNING:dns_config_service_win.cc(700)] Failed to read DnsConfig.
[0314/085256.770:WARNING:dns_config_service_win.cc(700)] Failed to read DnsConfig.
[0314/085256.770:WARNING:dns_config_service_win.cc(700)] Failed to read DnsConfig.
[0314/085258.709:WARNING:dns_config_service_win.cc(700)] Failed to read DnsConfig.
[0314/085258.713:WARNING:dns_config_service_win.cc(700)] Failed to read DnsConfig.
[0314/085258.763:WARNING:dns_config_service_win.cc(700)] Failed to read DnsConfig.
[0314/085258.763:WARNING:dns_config_service_win.cc(700)] Failed to read DnsConfig.
[0314/085301.747:WARNING:dns_config_service_win.cc(700)] Failed to read DnsConfig.
[0314/085301.748:WARNING:dns_config_service_win.cc(700)] Failed to read DnsConfig.
[0314/085301.786:WARNING:dns_config_service_win.cc(700)] Failed to read DnsConfig.
[0314/085301.786:WARNING:dns_config_service_win.cc(700)] Failed to read DnsConfig.
[0314/085303.713:WARNING:dns_config_service_win.cc(700)] Failed to read DnsConfig.
[0314/085303.717:WARNING:dns_config_service_win.cc(700)] Failed to read DnsConfig.
[0314/085303.780:WARNING:dns_config_service_win.cc(700)] Failed to read DnsConfig.
[0314/085303.780:WARNING:dns_config_service_win.cc(700)] Failed to read DnsConfig.
[0314/085306.750:WARNING:dns_config_service_win.cc(700)] Failed to read DnsConfig.
[0314/085306.751:WARNING:dns_config_service_win.cc(700)] Failed to read DnsConfig.
[0314/085306.793:WARNING:dns_config_service_win.cc(700)] Failed to read DnsConfig.
[0314/085306.793:WARNING:dns_config_service_win.cc(700)] Failed to read DnsConfig.
[0314/085308.716:WARNING:dns_config_service_win.cc(700)] Failed to read DnsConfig.
[0314/085308.721:WARNING:dns_config_service_win.cc(700)] Failed to read DnsConfig.
[0314/085308.792:WARNING:dns_config_service_win.cc(700)] Failed to read DnsConfig.
[0314/085308.792:WARNING:dns_config_service_win.cc(700)] Failed to read DnsConfig.
[0314/085311.754:WARNING:dns_config_service_win.cc(700)] Failed to read DnsConfig.
[0314/085311.756:WARNING:dns_config_service_win.cc(700)] Failed to read DnsConfig.
[0314/085311.800:WARNING:dns_config_service_win.cc(700)] Failed to read DnsConfig.
[0314/085311.800:WARNING:dns_config_service_win.cc(700)] Failed to read DnsConfig.
[0314/085313.719:WARNING:dns_config_service_win.cc(700)] Failed to read DnsConfig.
[0314/085313.725:WARNING:dns_config_service_win.cc(700)] Failed to read DnsConfig.
[0314/085313.799:WARNING:dns_config_service_win.cc(700)] Failed to read DnsConfig.
[0314/085313.799:WARNING:dns_config_service_win.cc(700)] Failed to read DnsConfig.
[0314/085316.758:WARNING:dns_config_service_win.cc(700)] Failed to read DnsConfig.
[0314/085316.760:WARNING:dns_config_service_win.cc(700)] Failed to read DnsConfig.
[0314/085316.819:WARNING:dns_config_service_win.cc(700)] Failed to read DnsConfig.
[0314/085316.819:WARNING:dns_config_service_win.cc(700)] Failed to read DnsConfig.
[0314/085318.722:WARNING:dns_config_service_win.cc(700)] Failed to read DnsConfig.
[0314/085318.728:WARNING:dns_config_service_win.cc(700)] Failed to read DnsConfig.
[0314/085318.817:WARNING:dns_config_service_win.cc(700)] Failed to read DnsConfig.
[0314/085318.817:WARNING:dns_config_service_win.cc(700)] Failed to read DnsConfig.
[0314/085321.761:WARNING:dns_config_service_win.cc(700)] Failed to read DnsConfig.
[0314/085321.762:WARNING:dns_config_service_win.cc(700)] Failed to read DnsConfig.
[0314/085321.824:WARNING:dns_config_service_win.cc(700)] Failed to read DnsConfig.
[0314/085321.824:WARNING:dns_config_service_win.cc(700)] Failed to read DnsConfig.
[0314/085323.725:WARNING:dns_config_service_win.cc(700)] Failed to read DnsConfig.
[0314/085323.731:WARNING:dns_config_service_win.cc(700)] Failed to read DnsConfig.
[0314/085323.828:WARNING:dns_config_service_win.cc(700)] Failed to read DnsConfig.
[0314/085323.828:WARNING:dns_config_service_win.cc(700)] Failed to read DnsConfig.
[0314/085326.765:WARNING:dns_config_service_win.cc(700)] Failed to read DnsConfig.
[0314/085326.766:WARNING:dns_config_service_win.cc(700)] Failed to read DnsConfig.
[0314/085326.831:WARNING:dns_config_service_win.cc(700)] Failed to read DnsConfig.
[0314/085326.831:WARNING:dns_config_service_win.cc(700)] Failed to read DnsConfig.
[0314/085328.728:WARNING:dns_config_service_win.cc(700)] Failed to read DnsConfig.
[0314/085328.735:WARNING:dns_config_service_win.cc(700)] Failed to read DnsConfig.
[0314/085328.843:WARNING:dns_config_service_win.cc(700)] Failed to read DnsConfig.
[0314/085328.843:WARNING:dns_config_service_win.cc(700)] Failed to read DnsConfig.
[0314/085331.769:WARNING:dns_config_service_win.cc(700)] Failed to read DnsConfig.
[0314/085331.769:WARNING:dns_config_service_win.cc(700)] Failed to read DnsConfig.
[0314/085331.846:WARNING:dns_config_service_win.cc(700)] Failed to read DnsConfig.
[0314/085331.846:WARNING:dns_config_service_win.cc(700)] Failed to read DnsConfig.
[0314/085333.731:WARNING:dns_config_service_win.cc(700)] Failed to read DnsConfig.
[0314/085333.739:WARNING:dns_config_service_win.cc(700)] Failed to read DnsConfig.
[0314/085333.855:WARNING:dns_config_service_win.cc(700)] Failed to read DnsConfig.
[0314/085333.855:WARNING:dns_config_service_win.cc(700)] Failed to read DnsConfig.
[0314/085336.773:WARNING:dns_config_service_win.cc(700)] Failed to read DnsConfig.
[0314/085336.773:WARNING:dns_config_service_win.cc(700)] Failed to read DnsConfig.
[0314/085336.865:WARNING:dns_config_service_win.cc(700)] Failed to read DnsConfig.
[0314/085336.865:WARNING:dns_config_service_win.cc(700)] Failed to read DnsConfig.
[0314/085338.735:WARNING:dns_config_service_win.cc(700)] Failed to read DnsConfig.
[0314/085338.743:WARNING:dns_config_service_win.cc(700)] Failed to read DnsConfig.
[0314/085338.866:WARNING:dns_config_service_win.cc(700)] Failed to read DnsConfig.
[0314/085338.866:WARNING:dns_config_service_win.cc(700)] Failed to read DnsConfig.
[0314/085341.776:WARNING:dns_config_service_win.cc(700)] Failed to read DnsConfig.
[0314/085341.777:WARNING:dns_config_service_win.cc(700)] Failed to read DnsConfig.
[0314/085341.883:WARNING:dns_config_service_win.cc(700)] Failed to read DnsConfig.
[0314/085341.883:WARNING:dns_config_service_win.cc(700)] Failed to read DnsConfig.
[0314/085343.737:WARNING:dns_config_service_win.cc(700)] Failed to read DnsConfig.
[0314/085343.746:WARNING:dns_config_service_win.cc(700)] Failed to read DnsConfig.
[0314/085343.873:WARNING:dns_config_service_win.cc(700)] Failed to read DnsConfig.
[0314/085343.874:WARNING:dns_config_service_win.cc(700)] Failed to read DnsConfig.
[0314/085346.779:WARNING:dns_config_service_win.cc(700)] Failed to read DnsConfig.
[0314/085346.780:WARNING:dns_config_service_win.cc(700)] Failed to read DnsConfig.
[0314/085346.894:WARNING:dns_config_service_win.cc(700)] Failed to read DnsConfig.
[0314/085346.894:WARNING:dns_config_service_win.cc(700)] Failed to read DnsConfig.
[0314/085348.741:WARNING:dns_config_service_win.cc(700)] Failed to read DnsConfig.
[0314/085348.751:WARNING:dns_config_service_win.cc(700)] Failed to read DnsConfig.
[0314/085348.887:WARNING:dns_config_service_win.cc(700)] Failed to read DnsConfig.
[0314/085348.887:WARNING:dns_config_service_win.cc(700)] Failed to read DnsConfig.
[0314/085351.783:WARNING:dns_config_service_win.cc(700)] Failed to read DnsConfig.
[0314/085351.784:WARNING:dns_config_service_win.cc(700)] Failed to read DnsConfig.
[0314/085351.907:WARNING:dns_config_service_win.cc(700)] Failed to read DnsConfig.
[0314/085351.907:WARNING:dns_config_service_win.cc(700)] Failed to read DnsConfig.
[0314/085353.744:WARNING:dns_config_service_win.cc(700)] Failed to read DnsConfig.
[0314/085353.757:WARNING:dns_config_service_win.cc(700)] Failed to read DnsConfig.
[0314/085353.905:WARNING:dns_config_service_win.cc(700)] Failed to read DnsConfig.
[0314/085353.905:WARNING:dns_config_service_win.cc(700)] Failed to read DnsConfig.
[0314/085356.786:WARNING:dns_config_service_win.cc(700)] Failed to read DnsConfig.
[0314/085356.786:WARNING:dns_config_service_win.cc(700)] Failed to read DnsConfig.
[0314/085356.916:WARNING:dns_config_service_win.cc(700)] Failed to read DnsConfig.
[0314/085356.916:WARNING:dns_config_service_win.cc(700)] Failed to read DnsConfig.
[0314/085358.749:WARNING:dns_config_service_win.cc(700)] Failed to read DnsConfig.
[0314/085358.761:WARNING:dns_config_service_win.cc(700)] Failed to read DnsConfig.
[0314/085358.910:WARNING:dns_config_service_win.cc(700)] Failed to read DnsConfig.
[0314/085358.910:WARNING:dns_config_service_win.cc(700)] Failed to read DnsConfig.
[0314/085401.791:WARNING:dns_config_service_win.cc(700)] Failed to read DnsConfig.
[0314/085401.791:WARNING:dns_config_service_win.cc(700)] Failed to read DnsConfig.
[0314/085401.920:WARNING:dns_config_service_win.cc(700)] Failed to read DnsConfig.
[0314/085401.920:WARNING:dns_config_service_win.cc(700)] Failed to read DnsConfig.
[0314/085403.752:WARNING:dns_config_service_win.cc(700)] Failed to read DnsConfig.
[0314/085403.764:WARNING:dns_config_service_win.cc(700)] Failed to read DnsConfig.
[0314/085403.915:WARNING:dns_config_service_win.cc(700)] Failed to read DnsConfig.
[0314/085403.915:WARNING:dns_config_service_win.cc(700)] Failed to read DnsConfig.
[0314/085406.794:WARNING:dns_config_service_win.cc(700)] Failed to read DnsConfig.
[0314/085406.794:WARNING:dns_config_service_win.cc(700)] Failed to read DnsConfig.
[0314/085406.937:WARNING:dns_config_service_win.cc(700)] Failed to read DnsConfig.
[0314/085406.937:WARNING:dns_config_service_win.cc(700)] Failed to read DnsConfig.
[0314/085408.756:WARNING:dns_config_service_win.cc(700)] Failed to read DnsConfig.
[0314/085408.768:WARNING:dns_config_service_win.cc(700)] Failed to read DnsConfig.
[0314/085408.933:WARNING:dns_config_service_win.cc(700)] Failed to read DnsConfig.
[0314/085408.933:WARNING:dns_config_service_win.cc(700)] Failed to read DnsConfig.
[0314/085411.797:WARNING:dns_config_service_win.cc(700)] Failed to read DnsConfig.
[0314/085411.798:WARNING:dns_config_service_win.cc(700)] Failed to read DnsConfig.
[0314/085411.948:WARNING:dns_config_service_win.cc(700)] Failed to read DnsConfig.
[0314/085411.948:WARNING:dns_config_service_win.cc(700)] Failed to read DnsConfig.
[0314/085413.758:WARNING:dns_config_service_win.cc(700)] Failed to read DnsConfig.
[0314/085413.770:WARNING:dns_config_service_win.cc(700)] Failed to read DnsConfig.
[0314/085413.943:WARNING:dns_config_service_win.cc(700)] Failed to read DnsConfig.
[0314/085413.943:WARNING:dns_config_service_win.cc(700)] Failed to read DnsConfig.
[0314/085416.801:WARNING:dns_config_service_win.cc(700)] Failed to read DnsConfig.
[0314/085416.802:WARNING:dns_config_service_win.cc(700)] Failed to read DnsConfig.
[0314/085416.955:WARNING:dns_config_service_win.cc(700)] Failed to read DnsConfig.
[0314/085416.955:WARNING:dns_config_service_win.cc(700)] Failed to read DnsConfig.
[0314/085418.762:WARNING:dns_config_service_win.cc(700)] Failed to read DnsConfig.
[0314/085418.774:WARNING:dns_config_service_win.cc(700)] Failed to read DnsConfig.
[0314/085418.957:WARNING:dns_config_service_win.cc(700)] Failed to read DnsConfig.
[0314/085418.957:WARNING:dns_config_service_win.cc(700)] Failed to read DnsConfig.
[0314/085421.805:WARNING:dns_config_service_win.cc(700)] Failed to read DnsConfig.
[0314/085421.806:WARNING:dns_config_service_win.cc(700)] Failed to read DnsConfig.
[0314/085421.967:WARNING:dns_config_service_win.cc(700)] Failed to read DnsConfig.
[0314/085421.967:WARNING:dns_config_service_win.cc(700)] Failed to read DnsConfig.
[0314/085423.765:WARNING:dns_config_service_win.cc(700)] Failed to read DnsConfig.
[0314/085423.777:WARNING:dns_config_service_win.cc(700)] Failed to read DnsConfig.
[0314/085423.961:WARNING:dns_config_service_win.cc(700)] Failed to read DnsConfig.
[0314/085423.961:WARNING:dns_config_service_win.cc(700)] Failed to read DnsConfig.
[0314/085426.809:WARNING:dns_config_service_win.cc(700)] Failed to read DnsConfig.
[0314/085426.809:WARNING:dns_config_service_win.cc(700)] Failed to read DnsConfig.
[0314/085426.976:WARNING:dns_config_service_win.cc(700)] Failed to read DnsConfig.
[0314/085426.976:WARNING:dns_config_service_win.cc(700)] Failed to read DnsConfig.
[0314/085428.768:WARNING:dns_config_service_win.cc(700)] Failed to read DnsConfig.
[0314/085428.780:WARNING:dns_config_service_win.cc(700)] Failed to read DnsConfig.
[0314/085428.976:WARNING:dns_config_service_win.cc(700)] Failed to read DnsConfig.
[0314/085428.976:WARNING:dns_config_service_win.cc(700)] Failed to read DnsConfig.
[0314/085431.812:WARNING:dns_config_service_win.cc(700)] Failed to read DnsConfig.
[0314/085431.813:WARNING:dns_config_service_win.cc(700)] Failed to read DnsConfig.
[0314/085431.993:WARNING:dns_config_service_win.cc(700)] Failed to read DnsConfig.
[0314/085431.993:WARNING:dns_config_service_win.cc(700)] Failed to read DnsConfig.
[0314/085433.771:WARNING:dns_config_service_win.cc(700)] Failed to read DnsConfig.
[0314/085433.783:WARNING:dns_config_service_win.cc(700)] Failed to read DnsConfig.
[0314/085433.986:WARNING:dns_config_service_win.cc(700)] Failed to read DnsConfig.
[0314/085433.986:WARNING:dns_config_service_win.cc(700)] Failed to read DnsConfig.
[0314/085436.816:WARNING:dns_config_service_win.cc(700)] Failed to read DnsConfig.
[0314/085436.817:WARNING:dns_config_service_win.cc(700)] Failed to read DnsConfig.
[0314/085436.999:WARNING:dns_config_service_win.cc(700)] Failed to read DnsConfig.
[0314/085436.999:WARNING:dns_config_service_win.cc(700)] Failed to read DnsConfig.
[0314/085438.774:WARNING:dns_config_service_win.cc(700)] Failed to read DnsConfig.
[0314/085438.786:WARNING:dns_config_service_win.cc(700)] Failed to read DnsConfig.
[0314/085438.993:WARNING:dns_config_service_win.cc(700)] Failed to read DnsConfig.
[0314/085438.993:WARNING:dns_config_service_win.cc(700)] Failed to read DnsConfig.
[0314/085441.820:WARNING:dns_config_service_win.cc(700)] Failed to read DnsConfig.
[0314/085441.821:WARNING:dns_config_service_win.cc(700)] Failed to read DnsConfig.
[0314/085442.017:WARNING:dns_config_service_win.cc(700)] Failed to read DnsConfig.
[0314/085442.018:WARNING:dns_config_service_win.cc(700)] Failed to read DnsConfig.
[0314/085443.778:WARNING:dns_config_service_win.cc(700)] Failed to read DnsConfig.
[0314/085443.790:WARNING:dns_config_service_win.cc(700)] Failed to read DnsConfig.
[0314/085444.006:WARNING:dns_config_service_win.cc(700)] Failed to read DnsConfig.
[0314/085444.006:WARNING:dns_config_service_win.cc(700)] Failed to read DnsConfig.
[0314/085446.824:WARNING:dns_config_service_win.cc(700)] Failed to read DnsConfig.
[0314/085446.825:WARNING:dns_config_service_win.cc(700)] Failed to read DnsConfig.
[0314/085447.023:WARNING:dns_config_service_win.cc(700)] Failed to read DnsConfig.
[0314/085447.023:WARNING:dns_config_service_win.cc(700)] Failed to read DnsConfig.
[0314/085448.782:WARNING:dns_config_service_win.cc(700)] Failed to read DnsConfig.
[0314/085448.794:WARNING:dns_config_service_win.cc(700)] Failed to read DnsConfig.
[0314/085449.023:WARNING:dns_config_service_win.cc(700)] Failed to read DnsConfig.
[0314/085449.023:WARNING:dns_config_service_win.cc(700)] Failed to read DnsConfig.
[0314/085451.827:WARNING:dns_config_service_win.cc(700)] Failed to read DnsConfig.
[0314/085451.828:WARNING:dns_config_service_win.cc(700)] Failed to read DnsConfig.
[0314/085452.035:WARNING:dns_config_service_win.cc(700)] Failed to read DnsConfig.
[0314/085452.035:WARNING:dns_config_service_win.cc(700)] Failed to read DnsConfig.
[0314/085453.785:WARNING:dns_config_service_win.cc(700)] Failed to read DnsConfig.
[0314/085453.797:WARNING:dns_config_service_win.cc(700)] Failed to read DnsConfig.
[0314/085454.027:WARNING:dns_config_service_win.cc(700)] Failed to read DnsConfig.
[0314/085454.027:WARNING:dns_config_service_win.cc(700)] Failed to read DnsConfig.
[0314/085456.830:WARNING:dns_config_service_win.cc(700)] Failed to read DnsConfig.
[0314/085456.831:WARNING:dns_config_service_win.cc(700)] Failed to read DnsConfig.
[0314/085457.038:WARNING:dns_config_service_win.cc(700)] Failed to read DnsConfig.
[0314/085457.038:WARNING:dns_config_service_win.cc(700)] Failed to read DnsConfig.
[0314/085458.788:WARNING:dns_config_service_win.cc(700)] Failed to read DnsConfig.
[0314/085458.800:WARNING:dns_config_service_win.cc(700)] Failed to read DnsConfig.
[0314/085459.039:WARNING:dns_config_service_win.cc(700)] Failed to read DnsConfig.
[0314/085459.039:WARNING:dns_config_service_win.cc(700)] Failed to read DnsConfig.
[0314/085501.834:WARNING:dns_config_service_win.cc(700)] Failed to read DnsConfig.
[0314/085501.835:WARNING:dns_config_service_win.cc(700)] Failed to read DnsConfig.
[0314/085502.049:WARNING:dns_config_service_win.cc(700)] Failed to read DnsConfig.
[0314/085502.049:WARNING:dns_config_service_win.cc(700)] Failed to read DnsConfig.
[0314/085503.793:WARNING:dns_config_service_win.cc(700)] Failed to read DnsConfig.
[0314/085503.805:WARNING:dns_config_service_win.cc(700)] Failed to read DnsConfig.
[0314/085504.057:WARNING:dns_config_service_win.cc(700)] Failed to read DnsConfig.
[0314/085504.057:WARNING:dns_config_service_win.cc(700)] Failed to read DnsConfig.
[0314/085506.839:WARNING:dns_config_service_win.cc(700)] Failed to read DnsConfig.
[0314/085506.840:WARNING:dns_config_service_win.cc(700)] Failed to read DnsConfig.
[0314/085507.064:WARNING:dns_config_service_win.cc(700)] Failed to read DnsConfig.
[0314/085507.065:WARNING:dns_config_service_win.cc(700)] Failed to read DnsConfig.
[0314/085508.796:WARNING:dns_config_service_win.cc(700)] Failed to read DnsConfig.
[0314/085508.808:WARNING:dns_config_service_win.cc(700)] Failed to read DnsConfig.
[0314/085509.065:WARNING:dns_config_service_win.cc(700)] Failed to read DnsConfig.
[0314/085509.065:WARNING:dns_config_service_win.cc(700)] Failed to read DnsConfig.
[0314/085511.842:WARNING:dns_config_service_win.cc(700)] Failed to read DnsConfig.
[0314/085511.843:WARNING:dns_config_service_win.cc(700)] Failed to read DnsConfig.
[0314/085512.072:WARNING:dns_config_service_win.cc(700)] Failed to read DnsConfig.
[0314/085512.072:WARNING:dns_config_service_win.cc(700)] Failed to read DnsConfig.
[0314/085513.799:WARNING:dns_config_service_win.cc(700)] Failed to read DnsConfig.
[0314/085513.811:WARNING:dns_config_service_win.cc(700)] Failed to read DnsConfig.
[0314/085514.080:WARNING:dns_config_service_win.cc(700)] Failed to read DnsConfig.
[0314/085514.080:WARNING:dns_config_service_win.cc(700)] Failed to read DnsConfig.
